<?xml version="1.0" encoding="UTF-8"?>
<testng-results ignored="1" total="2" passed="1" failed="0" skipped="0">
  <reporter-output>
  </reporter-output>
  <suite started-at="2025-03-12T15:50:37 IST" name="Default suite" finished-at="2025-03-12T15:50:46 IST" duration-ms="8849">
    <groups>
    </groups>
    <test started-at="2025-03-12T15:50:37 IST" name="Default test" finished-at="2025-03-12T15:50:46 IST" duration-ms="8849">
      <class name="demo.appLaunch">
        <test-method signature="myMobile()[pri:0, instance:demo.appLaunch@41e36e46]" started-at="2025-03-12T15:50:38 IST" name="myMobile" finished-at="2025-03-12T15:50:46 IST" duration-ms="8810" status="PASS">
          <reporter-output>
          </reporter-output>
        </test-method> <!-- myMobile -->
      </class> <!-- demo.appLaunch -->
    </test> <!-- Default test -->
  </suite> <!-- Default suite -->
</testng-results>
